<?xml version="1.0" encoding="UTF-8"?>
<!-- Generated by org.testng.reporters.JUnitXMLReporter -->
<testsuite ignored="0" hostname="DESKTOP-D0ODKLV" failures="0" tests="2" name="Default test" time="109.039" errors="0" timestamp="2020-03-02T13:50:10 IST">
  <testcase classname="IGPPack.TestCases.LoginTest" name="loginTest" time="0.208">
    <skipped/>
  </testcase> <!-- loginTest -->
  <testcase classname="IGPPack.TestCases.LoginTest" name="loginTest" time="107.453"/>
</testsuite> <!-- Default test -->
