<?xml version="1.0" encoding="UTF-8"?>
<!-- Generated by org.testng.reporters.JUnitXMLReporter -->
<testsuite ignored="0" hostname="DESKTOP-D0ODKLV" failures="1" tests="2" name="Test" time="14.684" errors="0" timestamp="2020-03-02T13:41:29 IST">
  <testcase classname="IGPPack.TestCases.LoginTest" name="loginTest" time="0.33">
    <skipped/>
  </testcase> <!-- loginTest -->
  <testcase classname="IGPPack.TestCases.LoginTest" name="loginTest" time="11.227">
    <failure type="java.lang.NullPointerException" message="null value in entry: url=null">
      <![CDATA[java.lang.NullPointerException: null value in entry: url=null
at com.google.common.collect.CollectPreconditions.checkEntryNotNull(CollectPreconditions.java:32)
at com.google.common.collect.SingletonImmutableBiMap.<init>(SingletonImmutableBiMap.java:42)
at com.google.common.collect.ImmutableBiMap.of(ImmutableBiMap.java:72)
at com.google.common.collect.ImmutableMap.of(ImmutableMap.java:124)
at org.openqa.selenium.remote.RemoteWebDriver.get(RemoteWebDriver.java:277)
at IGPPack.Base.base.navigate(base.java:90)
at IGPPack.TestCases.LoginTest.loginTest(LoginTest.java:66)
at java.base/java.util.ArrayList.forEach(ArrayList.java:1507)
... Removed 27 stack frames]]>
    </failure>
  </testcase> <!-- loginTest -->
</testsuite> <!-- Test -->
