<?xml version="1.0" encoding="UTF-8"?>
<testng-results skipped="1" failed="0" ignored="0" total="2" passed="1">
  <reporter-output>
  </reporter-output>
  <suite name="Suite" duration-ms="71526" started-at="2020-03-02T14:09:21 IST" finished-at="2020-03-02T14:10:33 IST">
    <groups>
    </groups>
    <test name="Test" duration-ms="71526" started-at="2020-03-02T14:09:21 IST" finished-at="2020-03-02T14:10:33 IST">
      <class name="IGPPack.TestCases.LoginTest">
        <test-method status="PASS" signature="setUp()[pri:0, instance:IGPPack.TestCases.LoginTest@148080bb]" name="setUp" is-config="true" duration-ms="18" started-at="2020-03-02T14:09:21 IST" finished-at="2020-03-02T14:09:21 IST">
          <reporter-output>
          </reporter-output>
        </test-method> <!-- setUp -->
        <test-method status="SKIP" signature="loginTest(java.util.HashMap)[pri:0, instance:IGPPack.TestCases.LoginTest@148080bb]" name="loginTest" duration-ms="189" started-at="2020-03-02T14:09:22 IST" data-provider="getData" finished-at="2020-03-02T14:09:22 IST">
          <params>
            <param index="0">
              <value>
                <![CDATA[{Runmode=N, ExpectedResult=Success, Username=riteshranjanmishra938@gmail.com, Browser=Firefox, Password=ritesh12}]]>
              </value>
            </param>
          </params>
          <exception class="org.testng.SkipException">
            <message>
              <![CDATA[throwing exception becouse runmode set to N]]>
            </message>
            <full-stacktrace>
              <![CDATA[org.testng.SkipException: throwing exception becouse runmode set to N
at IGPPack.TestCases.LoginTest.loginTest(LoginTest.java:58)
at sun.reflect.NativeMethodAccessorImpl.invoke0(Native Method)
at sun.reflect.NativeMethodAccessorImpl.invoke(NativeMethodAccessorImpl.java:62)
at sun.reflect.DelegatingMethodAccessorImpl.invoke(DelegatingMethodAccessorImpl.java:43)
at java.lang.reflect.Method.invoke(Method.java:498)
at org.testng.internal.MethodInvocationHelper.invokeMethod(MethodInvocationHelper.java:134)
at org.testng.internal.TestInvoker.invokeMethod(TestInvoker.java:597)
at org.testng.internal.TestInvoker.invokeTestMethod(TestInvoker.java:173)
at org.testng.internal.MethodRunner.runInSequence(MethodRunner.java:46)
at org.testng.internal.TestInvoker$MethodInvocationAgent.invoke(TestInvoker.java:816)
at org.testng.internal.TestInvoker.invokeTestMethods(TestInvoker.java:146)
at org.testng.internal.TestMethodWorker.invokeTestMethods(TestMethodWorker.java:146)
at org.testng.internal.TestMethodWorker.run(TestMethodWorker.java:128)
at java.util.ArrayList.forEach(ArrayList.java:1257)
at org.testng.TestRunner.privateRun(TestRunner.java:766)
at org.testng.TestRunner.run(TestRunner.java:587)
at org.testng.SuiteRunner.runTest(SuiteRunner.java:384)
at org.testng.SuiteRunner.runSequentially(SuiteRunner.java:378)
at org.testng.SuiteRunner.privateRun(SuiteRunner.java:337)
at org.testng.SuiteRunner.run(SuiteRunner.java:286)
at org.testng.SuiteRunnerWorker.runSuite(SuiteRunnerWorker.java:53)
at org.testng.SuiteRunnerWorker.run(SuiteRunnerWorker.java:96)
at org.testng.TestNG.runSuitesSequentially(TestNG.java:1187)
at org.testng.TestNG.runSuitesLocally(TestNG.java:1109)
at org.testng.TestNG.runSuites(TestNG.java:1039)
at org.testng.TestNG.run(TestNG.java:1007)
at org.apache.maven.surefire.testng.TestNGExecutor.run(TestNGExecutor.java:283)
at org.apache.maven.surefire.testng.TestNGXmlTestSuite.execute(TestNGXmlTestSuite.java:75)
at org.apache.maven.surefire.testng.TestNGProvider.invoke(TestNGProvider.java:120)
at org.apache.maven.surefire.booter.ForkedBooter.invokeProviderInSameClassLoader(ForkedBooter.java:384)
at org.apache.maven.surefire.booter.ForkedBooter.runSuitesInProcess(ForkedBooter.java:345)
at org.apache.maven.surefire.booter.ForkedBooter.execute(ForkedBooter.java:126)
at org.apache.maven.surefire.booter.ForkedBooter.main(ForkedBooter.java:418)
]]>
            </full-stacktrace>
          </exception> <!-- org.testng.SkipException -->
          <reporter-output>
          </reporter-output>
        </test-method> <!-- loginTest -->
        <test-method status="PASS" signature="tearDown(org.testng.ITestResult)[pri:0, instance:IGPPack.TestCases.LoginTest@148080bb]" name="tearDown" is-config="true" duration-ms="449" started-at="2020-03-02T14:09:22 IST" finished-at="2020-03-02T14:09:23 IST">
          <params>
            <param index="0">
              <value>
                <![CDATA[[TestResult name=loginTest status=SKIP method=LoginTest.loginTest(java.util.HashMap)[pri:0, instance:IGPPack.TestCases.LoginTest@148080bb] output={null}]]]>
              </value>
            </param>
          </params>
          <reporter-output>
          </reporter-output>
        </test-method> <!-- tearDown -->
        <test-method status="PASS" signature="loginTest(java.util.HashMap)[pri:0, instance:IGPPack.TestCases.LoginTest@148080bb]" name="loginTest" duration-ms="68683" started-at="2020-03-02T14:09:23 IST" data-provider="getData" finished-at="2020-03-02T14:10:31 IST">
          <params>
            <param index="0">
              <value>
                <![CDATA[{Runmode=Y, ExpectedResult=Success, Username=riteshranjanmishra938@gmail.com, Browser=Chrome, Password=ritesh12}]]>
              </value>
            </param>
          </params>
          <reporter-output>
          </reporter-output>
        </test-method> <!-- loginTest -->
        <test-method status="PASS" signature="tearDown(org.testng.ITestResult)[pri:0, instance:IGPPack.TestCases.LoginTest@148080bb]" name="tearDown" is-config="true" duration-ms="1116" started-at="2020-03-02T14:10:31 IST" finished-at="2020-03-02T14:10:32 IST">
          <params>
            <param index="0">
              <value>
                <![CDATA[[TestResult name=loginTest status=SUCCESS method=LoginTest.loginTest(java.util.HashMap)[pri:0, instance:IGPPack.TestCases.LoginTest@148080bb] output={null}]]]>
              </value>
            </param>
          </params>
          <reporter-output>
          </reporter-output>
        </test-method> <!-- tearDown -->
      </class> <!-- IGPPack.TestCases.LoginTest -->
    </test> <!-- Test -->
  </suite> <!-- Suite -->
</testng-results>
